<?xml version="1.0" encoding="UTF-8"?>
<testsuites name="TestSuiteCloud2" time="113.682" tests="1" failures="0" errors="0">
   <testsuite name="TestSuiteCloud2" tests="1" failures="0" errors="0" time="113.682" skipped="0" timestamp="2023-06-19 13:15:17" hostname="manisha.kamble - INBL01LAP30379.brd.g-c-i.com" id="Test Suites/TestSuiteCloud2">
      <properties>
[...]
</properties>
      <testcase name="Test Cases/TestCloud2" time="113.331" classname="Test Cases/TestCloud2" status="PASSED">
         <system-out><![CDATA[2023-06-19 13:15:17 - [TEST_CASE][PASSED] - Test Cases/TestCloud2: Test Cases/TestCloud2

2023-06-19 13:15:17 - [TEST_STEP][PASSED] - openBrowser(""): Browser is opened with url: ''

2023-06-19 13:15:18 - [MESSAGE][INFO] - User set preference: ['os', 'windows']

2023-06-19 13:15:18 - [MESSAGE][INFO] - User set preference: ['browserName', 'chrome']

2023-06-19 13:15:18 - [MESSAGE][INFO] - User set preference: ['browserVersion', '110']

2023-06-19 13:15:18 - [MESSAGE][INFO] - User set preference: ['katalon:option', '{organizationId=1194135, tunnelId=, usingTunnel=false}']

2023-06-19 13:15:18 - [MESSAGE][INFO] - Connecting to remote web server 'testcloud.katalon.com/hub' with type 'Selenium'

2023-06-19 13:15:19 - [MESSAGE][INFO] - Action delay is set to 0 milliseconds

2023-06-19 13:16:39 - [MESSAGE][PASSED] - Browser is opened with url: ''

2023-06-19 13:16:39 - [TEST_STEP][PASSED] - navigateToUrl("https://demowebshop.tricentis.com/"): Navigate to 'https://demowebshop.tricentis.com/' successfully

2023-06-19 13:16:41 - [MESSAGE][PASSED] - Navigate to 'https://demowebshop.tricentis.com/' successfully

2023-06-19 13:16:41 - [TEST_STEP][PASSED] - click(findTestObject("Object Repository/TestCloud2/Page_Demo Web Shop/a_Log in")): Object: 'Object Repository/TestCloud2/Page_Demo Web Shop/a_Log in' is clicked on

2023-06-19 13:16:45 - [MESSAGE][PASSED] - Object: 'Object Repository/TestCloud2/Page_Demo Web Shop/a_Log in' is clicked on

2023-06-19 13:16:45 - [TEST_STEP][PASSED] - setText(findTestObject("Object Repository/TestCloud2/Page_Demo Web Shop. Login/input_Email_Email"), "msk123@gmail.com"): Text 'msk123@gmail.com' is set on object 'Object Repository/TestCloud2/Page_Demo Web Shop. Login/input_Email_Email'

2023-06-19 13:16:52 - [MESSAGE][PASSED] - Text 'msk123@gmail.com' is set on object 'Object Repository/TestCloud2/Page_Demo Web Shop. Login/input_Email_Email'

2023-06-19 13:16:52 - [TEST_STEP][PASSED] - setEncryptedText(findTestObject("Object Repository/TestCloud2/Page_Demo Web Shop. Login/input_Password_Password"), "GqU6l9U4a6o="): Text ****** has been set on object 'Object Repository/TestCloud2/Page_Demo Web Shop. Login/input_Password_Password'

2023-06-19 13:16:57 - [MESSAGE][PASSED] - Text ****** has been set on object 'Object Repository/TestCloud2/Page_Demo Web Shop. Login/input_Password_Password'

2023-06-19 13:16:57 - [TEST_STEP][PASSED] - click(findTestObject("Object Repository/TestCloud2/Page_Demo Web Shop. Login/input_Forgot password_button-1 login-button")): Object: 'Object Repository/TestCloud2/Page_Demo Web Shop. Login/input_Forgot password_button-1 login-button' is clicked on

2023-06-19 13:17:01 - [MESSAGE][PASSED] - Object: 'Object Repository/TestCloud2/Page_Demo Web Shop. Login/input_Forgot password_button-1 login-button' is clicked on

2023-06-19 13:17:01 - [TEST_STEP][PASSED] - verifyElementPresent(findTestObject("Object Repository/TestCloud2/Page_Demo Web Shop/img"), 5): Object 'Object Repository/TestCloud2/Page_Demo Web Shop/img' is present

2023-06-19 13:17:03 - [MESSAGE][PASSED] - Object 'Object Repository/TestCloud2/Page_Demo Web Shop/img' is present

2023-06-19 13:17:03 - [TEST_STEP][PASSED] - click(findTestObject("Object Repository/TestCloud2/Page_Demo Web Shop/a_Log out")): Object: 'Object Repository/TestCloud2/Page_Demo Web Shop/a_Log out' is clicked on

2023-06-19 13:17:08 - [MESSAGE][PASSED] - Object: 'Object Repository/TestCloud2/Page_Demo Web Shop/a_Log out' is clicked on

2023-06-19 13:17:08 - [TEST_STEP][PASSED] - closeBrowser(): Browser is closed

2023-06-19 13:17:10 - [MESSAGE][PASSED] - Browser is closed]]></system-out>
         <system-err><![CDATA[]]></system-err>
      </testcase>
      <system-out><![CDATA[2023-06-19 13:15:17 - [TEST_SUITE][PASSED] - TestSuiteCloud2: Test Cases/TestCloud2]]></system-out>
      <system-err><![CDATA[]]></system-err>
   </testsuite>
</testsuites>
