<?xml version="1.0" encoding="UTF-8"?>
<testsuites name="TestClould_TSNew" time="127.17" tests="1" failures="0" errors="0">
   <testsuite name="TestClould_TSNew" tests="1" failures="0" errors="0" time="127.17" skipped="0" timestamp="2023-06-16 16:11:03" hostname="manisha.kamble - INBL01LAP30379.brd.g-c-i.com" id="Test Suites/TestClould_TSNew">
      <properties>
[...]
</properties>
      <testcase name="Test Cases/TestCloud1" time="126.879" classname="Test Cases/TestCloud1" status="PASSED">
         <system-out><![CDATA[2023-06-16 16:11:04 - [TEST_CASE][PASSED] - Test Cases/TestCloud1: Test Cases/TestCloud1

2023-06-16 16:11:04 - [TEST_STEP][PASSED] - openBrowser(""): Browser is opened with url: ''

2023-06-16 16:11:04 - [MESSAGE][INFO] - User set preference: ['os', 'windows']

2023-06-16 16:11:04 - [MESSAGE][INFO] - User set preference: ['browserName', 'chrome']

2023-06-16 16:11:04 - [MESSAGE][INFO] - User set preference: ['browserVersion', '110']

2023-06-16 16:11:04 - [MESSAGE][INFO] - User set preference: ['katalon:option', '{organizationId=1194135, tunnelId=, usingTunnel=false}']

2023-06-16 16:11:04 - [MESSAGE][INFO] - Connecting to remote web server 'testcloud.katalon.com/hub' with type 'Selenium'

2023-06-16 16:11:05 - [MESSAGE][INFO] - Action delay is set to 0 milliseconds

2023-06-16 16:12:18 - [MESSAGE][PASSED] - Browser is opened with url: ''

2023-06-16 16:12:18 - [TEST_STEP][PASSED] - navigateToUrl("https://katalon-demo-cura.herokuapp.com/"): Navigate to 'https://katalon-demo-cura.herokuapp.com/' successfully

2023-06-16 16:12:20 - [MESSAGE][PASSED] - Navigate to 'https://katalon-demo-cura.herokuapp.com/' successfully

2023-06-16 16:12:20 - [TEST_STEP][PASSED] - click(findTestObject("Object Repository/TestCloud1/Page_CURA Healthcare Service/a_Make Appointment")): Object: 'Object Repository/TestCloud1/Page_CURA Healthcare Service/a_Make Appointment' is clicked on

2023-06-16 16:12:24 - [MESSAGE][PASSED] - Object: 'Object Repository/TestCloud1/Page_CURA Healthcare Service/a_Make Appointment' is clicked on

2023-06-16 16:12:24 - [TEST_STEP][PASSED] - setText(findTestObject("Object Repository/TestCloud1/Page_CURA Healthcare Service/input_Username_username"), "John Doe"): Text 'John Doe' is set on object 'Object Repository/TestCloud1/Page_CURA Healthcare Service/input_Username_username'

2023-06-16 16:12:30 - [MESSAGE][PASSED] - Text 'John Doe' is set on object 'Object Repository/TestCloud1/Page_CURA Healthcare Service/input_Username_username'

2023-06-16 16:12:30 - [TEST_STEP][PASSED] - setEncryptedText(findTestObject("Object Repository/TestCloud1/Page_CURA Healthcare Service/input_Password_password"), "g3/DOGG74jC3Flrr3yH+3D/yKbOqqUNM"): Text ****** has been set on object 'Object Repository/TestCloud1/Page_CURA Healthcare Service/input_Password_password'

2023-06-16 16:12:36 - [MESSAGE][PASSED] - Text ****** has been set on object 'Object Repository/TestCloud1/Page_CURA Healthcare Service/input_Password_password'

2023-06-16 16:12:36 - [TEST_STEP][PASSED] - click(findTestObject("Object Repository/TestCloud1/Page_CURA Healthcare Service/button_Login")): Object: 'Object Repository/TestCloud1/Page_CURA Healthcare Service/button_Login' is clicked on

2023-06-16 16:12:39 - [MESSAGE][PASSED] - Object: 'Object Repository/TestCloud1/Page_CURA Healthcare Service/button_Login' is clicked on

2023-06-16 16:12:39 - [TEST_STEP][PASSED] - click(findTestObject("Object Repository/TestCloud1/Page_CURA Healthcare Service/label_Apply for hospital readmission")): Object: 'Object Repository/TestCloud1/Page_CURA Healthcare Service/label_Apply for hospital readmission' is clicked on

2023-06-16 16:12:42 - [MESSAGE][PASSED] - Object: 'Object Repository/TestCloud1/Page_CURA Healthcare Service/label_Apply for hospital readmission' is clicked on

2023-06-16 16:12:42 - [TEST_STEP][PASSED] - click(findTestObject("Object Repository/TestCloud1/Page_CURA Healthcare Service/div_Medicare                               _cb3988")): Object: 'Object Repository/TestCloud1/Page_CURA Healthcare Service/div_Medicare                               _cb3988' is clicked on

2023-06-16 16:12:45 - [MESSAGE][PASSED] - Object: 'Object Repository/TestCloud1/Page_CURA Healthcare Service/div_Medicare                               _cb3988' is clicked on

2023-06-16 16:12:45 - [TEST_STEP][PASSED] - click(findTestObject("Object Repository/TestCloud1/Page_CURA Healthcare Service/input_Medicaid_programs")): Object: 'Object Repository/TestCloud1/Page_CURA Healthcare Service/input_Medicaid_programs' is clicked on

2023-06-16 16:12:47 - [MESSAGE][PASSED] - Object: 'Object Repository/TestCloud1/Page_CURA Healthcare Service/input_Medicaid_programs' is clicked on

2023-06-16 16:12:47 - [TEST_STEP][PASSED] - click(findTestObject("Object Repository/TestCloud1/Page_CURA Healthcare Service/input_Visit Date (Required)_visit_date")): Object: 'Object Repository/TestCloud1/Page_CURA Healthcare Service/input_Visit Date (Required)_visit_date' is clicked on

2023-06-16 16:12:50 - [MESSAGE][PASSED] - Object: 'Object Repository/TestCloud1/Page_CURA Healthcare Service/input_Visit Date (Required)_visit_date' is clicked on

2023-06-16 16:12:50 - [TEST_STEP][PASSED] - click(findTestObject("Object Repository/TestCloud1/Page_CURA Healthcare Service/td_15")): Object: 'Object Repository/TestCloud1/Page_CURA Healthcare Service/td_15' is clicked on

2023-06-16 16:12:53 - [MESSAGE][PASSED] - Object: 'Object Repository/TestCloud1/Page_CURA Healthcare Service/td_15' is clicked on

2023-06-16 16:12:53 - [TEST_STEP][PASSED] - setText(findTestObject("Object Repository/TestCloud1/Page_CURA Healthcare Service/textarea_Comment_comment"), "Hello Word"): Text 'Hello Word' is set on object 'Object Repository/TestCloud1/Page_CURA Healthcare Service/textarea_Comment_comment'

2023-06-16 16:12:58 - [MESSAGE][PASSED] - Text 'Hello Word' is set on object 'Object Repository/TestCloud1/Page_CURA Healthcare Service/textarea_Comment_comment'

2023-06-16 16:12:58 - [TEST_STEP][PASSED] - click(findTestObject("Object Repository/TestCloud1/Page_CURA Healthcare Service/button_Book Appointment")): Object: 'Object Repository/TestCloud1/Page_CURA Healthcare Service/button_Book Appointment' is clicked on

2023-06-16 16:13:01 - [MESSAGE][PASSED] - Object: 'Object Repository/TestCloud1/Page_CURA Healthcare Service/button_Book Appointment' is clicked on

2023-06-16 16:13:01 - [TEST_STEP][PASSED] - verifyElementPresent(findTestObject("Object Repository/TestCloud1/Page_CURA Healthcare Service/h2_Appointment Confirmation"), 3): Object 'Object Repository/TestCloud1/Page_CURA Healthcare Service/h2_Appointment Confirmation' is present

2023-06-16 16:13:03 - [MESSAGE][PASSED] - Object 'Object Repository/TestCloud1/Page_CURA Healthcare Service/h2_Appointment Confirmation' is present

2023-06-16 16:13:03 - [TEST_STEP][PASSED] - click(findTestObject("Object Repository/TestCloud1/Page_CURA Healthcare Service/i_CURA Healthcare_fa fa-bars")): Object: 'Object Repository/TestCloud1/Page_CURA Healthcare Service/i_CURA Healthcare_fa fa-bars' is clicked on

2023-06-16 16:13:06 - [MESSAGE][PASSED] - Object: 'Object Repository/TestCloud1/Page_CURA Healthcare Service/i_CURA Healthcare_fa fa-bars' is clicked on

2023-06-16 16:13:06 - [TEST_STEP][PASSED] - click(findTestObject("Object Repository/TestCloud1/Page_CURA Healthcare Service/a_Logout")): Object: 'Object Repository/TestCloud1/Page_CURA Healthcare Service/a_Logout' is clicked on

2023-06-16 16:13:09 - [MESSAGE][PASSED] - Object: 'Object Repository/TestCloud1/Page_CURA Healthcare Service/a_Logout' is clicked on

2023-06-16 16:13:09 - [TEST_STEP][PASSED] - closeBrowser(): Browser is closed

2023-06-16 16:13:11 - [MESSAGE][PASSED] - Browser is closed]]></system-out>
         <system-err><![CDATA[]]></system-err>
      </testcase>
      <system-out><![CDATA[2023-06-16 16:11:03 - [TEST_SUITE][PASSED] - TestClould_TSNew: Test Cases/TestCloud1]]></system-out>
      <system-err><![CDATA[]]></system-err>
   </testsuite>
</testsuites>
